2023-10-22T14:15:16+01:00 0x00003ba8         RoomsPlatformUtils: Process invoked without rooms flag, no platform ID override provided
2023-10-22T14:15:16+01:00 0x00003ba8         TelemetryService: Sampling rules from previous session recovered
2023-10-22T14:15:16+01:00 0x00003ba8         BackgroundTaskBase: Registering msteamsupdate.exe as bgtask com server for task: TeamsEcsTask
2023-10-22T14:15:16+01:00 0x00003ba8         Scenario: shell_bgtask_comserverregistration [start,success] Scenario.Status:success, Scenario.Step:start, delta:0, elapsed:0, elapsedSinceProcessStart:167, sequence:0
2023-10-22T14:15:16+01:00 0x00002f38         Scenario: shell_ecs_refresh [start,success] Scenario.Status:success, Scenario.Step:start, delta:0, elapsed:1, elapsedSinceProcessStart:170, sequence:0
2023-10-22T14:15:16+01:00 0x00002f38         EcsBackgroundTask: Starting ecs background task
2023-10-22T14:15:16+01:00 0x00002f38         Scenario: shell_peristent_storage_read [start,success] Scenario.Status:success, Scenario.Step:start, delta:0, elapsed:20, elapsedSinceProcessStart:189, sequence:0
2023-10-22T14:15:16+01:00 0x00002f38         TelemetryService: Restored sampling rules from previous session
2023-10-22T14:15:16+01:00 0x00002f38         Scenario: shell_peristent_storage_read [stop,abandoned] InstanceId:a46c2db3-aff1-4ed1-9fea-3645fd08f0bb, Scenario.Mode:1, Scenario.Name:shell_peristent_storage_read, Scenario.Status:abandoned, Scenario.Step:stop, delta:0, elapsed:20, elapsedSinceProcessStart:189, error:no such file or directory, fileName:configuration.json, previousStep:start, sequence:1, stepDelta:0
2023-10-22T14:15:16+01:00 0x00002f38         Scenario: shell_peristent_storage_read [start,success] Scenario.Status:success, Scenario.Step:start, delta:0, elapsed:23, elapsedSinceProcessStart:192, sequence:0
2023-10-22T14:15:16+01:00 0x00002f38         Scenario: shell_peristent_storage_read [stop,success] InstanceId:5b3aeb56-103e-47ac-be7f-705872151c04, Scenario.Mode:1, Scenario.Name:shell_peristent_storage_read, Scenario.Status:success, Scenario.Step:stop, delta:4, elapsed:27, elapsedSinceProcessStart:196, fileName:ecs_request_param.json, previousStep:start, sequence:1, stepDelta:4
2023-10-22T14:15:16+01:00 0x00002f38         TelemetryService: No primary user detected during a SetUserTenantId Call, setting 9188040d-6c67-4c5b-b112-36a304b66dad as default tenant
2023-10-22T14:15:16+01:00 0x00002f38         TelemetryService: No primary user detected during a SetUserId Call, setting 00000000-0000-0000-c9d8-234baf6d1292 as UserInfo_Id
2023-10-22T14:15:16+01:00 0x00002f38         Scenario: shell_ecs_cache [start,success] Scenario.Status:success, Scenario.Step:start, delta:0, elapsed:33, elapsedSinceProcessStart:202, sequence:0
2023-10-22T14:15:16+01:00 0x00002f38         Scenario: shell_ecs_cache [stop,success] InstanceId:a3f7eafd-5260-46e6-963d-b1ca334476d7, LatestVersion:23258.705.2453.6430, LatestVersionPath:/BuildSettings/WebView2/x64/latestVersion, Scenario.Mode:1, Scenario.Name:shell_ecs_cache, Scenario.Status:success, Scenario.Step:stop, StatusCode:200, TeamsBuilds:["arm64","x64","x86"], TeamsWebView2:["app","auth","autostart","core","deviceCapability","ecs","extensibility","logging","meetNow","nativeModules","nbaFinalExperience","security","systemTray","taskbar","telemetry","thirdPartyDevices","tma","toasts","update","uxStateError","webLauncher","webNrc","webview","windowcontrols"], configExpiryTimeInSec:0, delta:2, elapsed:35, elapsedSinceProcessStart:204, expiry:Sun, 22 Oct 2023 15:15:50 GMT, previousStep:start, process:updater, requestParameters:{"ClientId":"871ead46-cc86-4b81-8151-62cc7cd10a11","aaduserid":"00000000-0000-0000-c9d8-234baf6d1292","agents":"TeamsBuilds,TeamsWebview2","audience":"general","cloud":"Consumer","cpuarch":"x64","desktopVersion":"23258.705.2453.6430","environment":"life","id":"00000000-0000-0000-c9d8-234baf6d1292","osplatform":"windows","osversion":"10.0.22621","teamslocale":"fr-fr","teamsring":"general","tenantId":"9188040d-6c67-4c5b-b112-36a304b66dad"}, sequence:1, stepDelta:2
2023-10-22T14:15:16+01:00 0x00002f38         EcsFetchCompletion: Ecs settings are already up to date
2023-10-22T14:15:16+01:00 0x00002f38         Scenario: shell_ecs_refresh [stop,abandoned] InstanceId:5f425d0c-137b-48ba-b0b0-2da9bdbb4519, Scenario.Mode:1, Scenario.Name:shell_ecs_refresh, Scenario.Status:abandoned, Scenario.Step:stop, delta:35, elapsed:36, elapsedSinceProcessStart:205, previousStep:start, reason:up to date, sequence:1, stepDelta:35
2023-10-22T14:15:16+01:00 0x00002f38         EcsBackgroundTask: Completed ecs background task
2023-10-22T14:15:16+01:00 0x00003ba8         Scenario: shell_bgtask_comserverregistration [stop,success] InstanceId:562e289e-2040-44f0-a353-987142fe65c6, Scenario.Mode:3, Scenario.Name:shell_bgtask_comserverregistration, Scenario.Status:success, Scenario.Step:stop, Scenario.Steps:[{"Scenario.Status":"success","Scenario.Step":"stop","delta":41,"elapsed":41,"elapsedSinceProcessStart":208,"previousStep":"start","sequence":1,"stepDelta":41}], Scenario.StepsEx:[{"taskName":"TeamsEcsTask"}], delta:41, elapsed:41, elapsedSinceProcessStart:208, previousStep:start, sequence:1, stepDelta:41, taskName:TeamsEcsTask
2023-10-22T14:15:17+01:00 0x00003ba8         TelemetryService: Telemetry service stopped
